         ?column?          
---------------------------
 ,"account"
 ,"account_accountant"
 ,"account_chart"
 ,"account_coda"
 ,"account_followup"
 ,"account_invoice_layout"
 ,"account_payment"
 ,"account_voucher"
 ,"analytic"
 ,"base"
 ,"base_action_rule"
 ,"base_calendar"
 ,"base_iban"
 ,"base_report_creator"
 ,"base_report_designer"
 ,"base_setup"
 ,"base_tools"
 ,"base_vat"
 ,"board"
 ,"caldav"
 ,"crm"
 ,"crm_caldav"
 ,"crm_claim"
 ,"crm_fundraising"
 ,"crm_helpdesk"
 ,"decimal_precision"
 ,"delivery"
 ,"document"
 ,"document_ftp"
 ,"document_webdav"
 ,"email_template"
 ,"fetchmail"
 ,"hr"
 ,"hr_attendance"
 ,"hr_contract"
 ,"hr_evaluation"
 ,"hr_expense"
 ,"hr_holidays"
 ,"hr_payroll"
 ,"hr_payroll_account"
 ,"hr_recruitment"
 ,"hr_timesheet"
 ,"hr_timesheet_invoice"
 ,"hr_timesheet_sheet"
 ,"knowledge"
 ,"l10n_be"
 ,"mail_gateway"
 ,"marketing"
 ,"marketing_campaign"
 ,"mrp"
 ,"mrp_jit"
 ,"point_of_sale"
 ,"process"
 ,"procurement"
 ,"product"
 ,"project"
 ,"project_mrp"
 ,"purchase"
 ,"purchase_requisition"
 ,"report_designer"
 ,"resource"
 ,"sale"
 ,"sale_crm"
 ,"sale_journal"
 ,"sale_layout"
 ,"sale_order_dates"
 ,"stock"
 ,"survey"
 ,"wiki"
 ,"wiki_faq"
 ,"wiki_quality_manual"
 ,"wiki_sale_faq"
(72 rows)

